<?xml version="1.0" encoding="UTF-8"?><testsuite errors="0" failures="2" name="Create CTS Pattern" skipped="0" tests="2" time="31.14" timestamp="2020-09-23 05:46:32"><testcase name="To Know about Revolution IT"><failure message="Exception found while navigating back to home page : " type="java.lang.AssertionError">Exception found while navigating back to home page : </failure><system-err>Exception found while navigating back to home page : &#13;
com.auspost.pages.RevITPage.verifyHomePageIsDisplayed(RevITPage.java:44)&#13;
com.auspost.steps.RevITSteps.verifyHomePageIsDisplayed(RevITSteps.java:16)&#13;
com.auspost.definitions.Definitions.verifyTheRevITHomePage(Definitions.java:85)&#13;
cucumber.runner.PickleStepDefinitionMatch.runStep(PickleStepDefinitionMatch.java:50)&#13;
cucumber.runner.TestStep.executeStep(TestStep.java:65)&#13;
cucumber.runner.TestStep.run(TestStep.java:50)&#13;
cucumber.runner.PickleStepTestStep.run(PickleStepTestStep.java:43)&#13;
cucumber.runner.TestCase.run(TestCase.java:46)&#13;
cucumber.runner.Runner.runPickle(Runner.java:50)&#13;
io.cucumber.junit.FeatureRunner.runChild(FeatureRunner.java:68)&#13;
io.cucumber.junit.FeatureRunner.runChild(FeatureRunner.java:23)&#13;
io.cucumber.junit.CucumberSerenityRunner.runChild(CucumberSerenityRunner.java:208)&#13;
io.cucumber.junit.CucumberSerenityRunner.runChild(CucumberSerenityRunner.java:66)&#13;
</system-err></testcase><testcase name="To Know Shelde Services"><failure message="Shelde Home page is not displayed." type="java.lang.AssertionError">Shelde Home page is not displayed.</failure><system-err>Shelde Home page is not displayed.&#13;
com.auspost.pages.SheldePage.verifyHomePageIsDisplayed(SheldePage.java:31)&#13;
com.auspost.steps.SheldeSteps.verifyHomePageIsDisplayed(SheldeSteps.java:16)&#13;
com.auspost.definitions.Definitions.verifyTheSheldeHomePage(Definitions.java:101)&#13;
cucumber.runner.PickleStepDefinitionMatch.runStep(PickleStepDefinitionMatch.java:50)&#13;
cucumber.runner.TestStep.executeStep(TestStep.java:65)&#13;
cucumber.runner.TestStep.run(TestStep.java:50)&#13;
cucumber.runner.PickleStepTestStep.run(PickleStepTestStep.java:43)&#13;
cucumber.runner.TestCase.run(TestCase.java:46)&#13;
cucumber.runner.Runner.runPickle(Runner.java:50)&#13;
io.cucumber.junit.FeatureRunner.runChild(FeatureRunner.java:68)&#13;
io.cucumber.junit.FeatureRunner.runChild(FeatureRunner.java:23)&#13;
io.cucumber.junit.CucumberSerenityRunner.runChild(CucumberSerenityRunner.java:208)&#13;
io.cucumber.junit.CucumberSerenityRunner.runChild(CucumberSerenityRunner.java:66)&#13;
</system-err></testcase></testsuite>